<?xml version="1.0" encoding="UTF-8"?>
<testng-results ignored="0" total="1" passed="1" failed="0" skipped="0">
  <reporter-output>
  </reporter-output>
  <suite started-at="2022-06-09T15:09:07 BST" name="customerv1" finished-at="2022-06-09T15:09:26 BST" duration-ms="18672">
    <groups>
    </groups>
    <test started-at="2022-06-09T15:09:07 BST" name="customer Test1" finished-at="2022-06-09T15:09:26 BST" duration-ms="18672">
      <class name="com.customer.testcases.TC_LoginTest_002">
        <test-method is-config="true" signature="setup(java.lang.String)[pri:0, instance:com.customer.testcases.TC_LoginTest_002@223aa2f7]" started-at="2022-06-09T15:09:07 BST" name="setup" finished-at="2022-06-09T15:09:13 BST" duration-ms="5337" status="PASS">
          <params>
            <param index="0">
              <value>
                <![CDATA[chrome]]>
              </value>
            </param>
          </params>
          <reporter-output>
          </reporter-output>
        </test-method> <!-- setup -->
        <test-method signature="loginTest(java.lang.String,java.lang.String)[pri:0, instance:com.customer.testcases.TC_LoginTest_002@223aa2f7]" started-at="2022-06-09T15:09:14 BST" name="loginTest" data-provider="UserData" finished-at="2022-06-09T15:09:26 BST" duration-ms="11885" status="PASS">
          <params>
            <param index="0">
              <value>
                <![CDATA[admin@yourstore.com]]>
              </value>
            </param>
            <param index="1">
              <value>
                <![CDATA[admin]]>
              </value>
            </param>
          </params>
          <reporter-output>
          </reporter-output>
        </test-method> <!-- loginTest -->
        <test-method is-config="true" signature="tearDown()[pri:0, instance:com.customer.testcases.TC_LoginTest_002@223aa2f7]" started-at="2022-06-09T15:09:26 BST" name="tearDown" finished-at="2022-06-09T15:09:26 BST" duration-ms="172" status="PASS">
          <reporter-output>
          </reporter-output>
        </test-method> <!-- tearDown -->
      </class> <!-- com.customer.testcases.TC_LoginTest_002 -->
    </test> <!-- customer Test1 -->
  </suite> <!-- customerv1 -->
</testng-results>
